<?xml version="1.0" encoding="utf-8"?>
<TestRun id="a08e25f1-c762-4d33-9031-083c453dc0f6" name="sshor@STEVEOFFICEPC 2026-02-26 08:49:06" runUser="STEVEOFFICEPC\sshor" xmlns="http://microsoft.com/schemas/VisualStudio/TeamTest/2010">
  <Times creation="2026-02-26T08:49:06.6608688-05:00" queuing="2026-02-26T08:49:06.6608689-05:00" start="2026-02-26T08:49:03.0726429-05:00" finish="2026-02-26T08:49:10.7134218-05:00" />
  <TestSettings name="default" id="931ea15d-c0fa-480c-8dee-40924f012a9d">
    <Deployment runDeploymentRoot="sshor_STEVEOFFICEPC_2026-02-26_08_49_06" />
  </TestSettings>
  <Results>
    <UnitTestResult executionId="33659e44-fd29-493b-a377-0f5fd8661510" testId="6fa8201e-2c58-31b0-1950-e464480f208a" testName="Api_AllCruisesHaveKnownShipData" computerName="STEVEOFFICEPC" duration="00:00:03.2977890" startTime="2026-02-26T08:49:03.3408629-05:00" endTime="2026-02-26T08:49:06.6386121-05:00" testType="13cdc9d9-ddb5-4fa4-a97d-d965ccfc6d4b" outcome="Failed" testListId="8c84fa94-04c1-424b-9868-57a2d4851a1d" relativeResultsDirectory="33659e44-fd29-493b-a377-0f5fd8661510">
      <Output>
        <ErrorInfo>
          <Message>  These ships are missing from the in-memory dictionary: Norwegian Star, Disney Dream, Disney Wish, Disney Treasure, Disney Destiny, Norwegian Gem, Norwegian Dawn, Disney Fantasy, Norwegian Jewel, Norwegian Sun, Norwegian Pearl&#xD;
Assert.That(unknownShips, Is.Empty)&#xD;
  Expected: &lt;empty&gt;&#xD;
  But was:  &lt; "Norwegian Star", "Disney Dream", "Disney Wish", "Disney Treasure", "Disney Destiny", "Norwegian Gem", "Norwegian Dawn", "Disney Fantasy", "Norwegian Jewel", "Norwegian Sun"... &gt;&#xD;
</Message>
          <StackTrace>   at CruiseDashboard.Tests.DashboardTests.Api_AllCruisesHaveKnownShipData() in C:\Dev\Cruise Tracker\CruiseDashboard\CruiseDashboard.Tests\DashboardTests.cs:line 181&#xD;
   at NUnit.Framework.Internal.TaskAwaitAdapter.GenericAdapter`1.BlockUntilCompleted()&#xD;
   at NUnit.Framework.Internal.MessagePumpStrategy.NoMessagePumpStrategy.WaitForCompletion(AwaitAdapter awaiter)&#xD;
   at NUnit.Framework.Internal.AsyncToSyncAdapter.Await[TResult](Func`1 invoke)&#xD;
   at NUnit.Framework.Internal.AsyncToSyncAdapter.Await(Func`1 invoke)&#xD;
   at NUnit.Framework.Internal.Commands.TestMethodCommand.RunTestMethod(TestExecutionContext context)&#xD;
   at NUnit.Framework.Internal.Commands.TestMethodCommand.Execute(TestExecutionContext context)&#xD;
   at NUnit.Framework.Internal.Commands.BeforeAndAfterTestCommand.&lt;&gt;c__DisplayClass1_0.&lt;Execute&gt;b__0()&#xD;
   at NUnit.Framework.Internal.Commands.DelegatingTestCommand.RunTestMethodInThreadAbortSafeZone(TestExecutionContext context, Action action)&#xD;

1)    at CruiseDashboard.Tests.DashboardTests.Api_AllCruisesHaveKnownShipData() in C:\Dev\Cruise Tracker\CruiseDashboard\CruiseDashboard.Tests\DashboardTests.cs:line 181&#xD;

</StackTrace>
        </ErrorInfo>
      </Output>
    </UnitTestResult>
    <UnitTestResult executionId="e63d3826-92ff-41d0-b4af-03be1fe91f8a" testId="958a390e-9e4d-87c8-5f6c-a8236f70813c" testName="Dashboard_FilterReducesCardCount" computerName="STEVEOFFICEPC" duration="00:00:02.2087000" startTime="2026-02-26T08:49:07.2632822-05:00" endTime="2026-02-26T08:49:09.4719755-05:00" testType="13cdc9d9-ddb5-4fa4-a97d-d965ccfc6d4b" outcome="Passed" testListId="8c84fa94-04c1-424b-9868-57a2d4851a1d" relativeResultsDirectory="e63d3826-92ff-41d0-b4af-03be1fe91f8a" />
    <UnitTestResult executionId="f25fc31c-8bdc-477a-be5b-4234b0731012" testId="a834d4a0-994b-03b1-2ed9-12e85b7c6ff7" testName="Api_CruisesReturnsData" computerName="STEVEOFFICEPC" duration="00:00:00.1808770" startTime="2026-02-26T08:49:06.6391765-05:00" endTime="2026-02-26T08:49:06.8200526-05:00" testType="13cdc9d9-ddb5-4fa4-a97d-d965ccfc6d4b" outcome="Passed" testListId="8c84fa94-04c1-424b-9868-57a2d4851a1d" relativeResultsDirectory="f25fc31c-8bdc-477a-be5b-4234b0731012" />
    <UnitTestResult executionId="946b51c9-fa98-4c0f-89f6-b1fed5e72b67" testId="b30a52b8-8743-656a-4089-f45bb2a6c0a3" testName="Dashboard_LoadsAndShowsSailingCount" computerName="STEVEOFFICEPC" duration="00:00:00.4144950" startTime="2026-02-26T08:49:09.4720334-05:00" endTime="2026-02-26T08:49:09.8865258-05:00" testType="13cdc9d9-ddb5-4fa4-a97d-d965ccfc6d4b" outcome="Passed" testListId="8c84fa94-04c1-424b-9868-57a2d4851a1d" relativeResultsDirectory="946b51c9-fa98-4c0f-89f6-b1fed5e72b67" />
    <UnitTestResult executionId="932408bd-1025-4d47-beaf-3d6dba66a0e3" testId="4c271738-2109-e8f2-3a6c-0578a39109ec" testName="Dashboard_StatCardsShowRealData" computerName="STEVEOFFICEPC" duration="00:00:00.4107610" startTime="2026-02-26T08:49:10.2629594-05:00" endTime="2026-02-26T08:49:10.6737185-05:00" testType="13cdc9d9-ddb5-4fa4-a97d-d965ccfc6d4b" outcome="Passed" testListId="8c84fa94-04c1-424b-9868-57a2d4851a1d" relativeResultsDirectory="932408bd-1025-4d47-beaf-3d6dba66a0e3" />
    <UnitTestResult executionId="2e996595-53c3-4a20-a742-e6d11d3f7a9b" testId="4cf705a0-090f-c051-d313-4451fae77ac2" testName="Dashboard_ShowsCruiseCards" computerName="STEVEOFFICEPC" duration="00:00:00.3763450" startTime="2026-02-26T08:49:09.8865785-05:00" endTime="2026-02-26T08:49:10.2629215-05:00" testType="13cdc9d9-ddb5-4fa4-a97d-d965ccfc6d4b" outcome="Passed" testListId="8c84fa94-04c1-424b-9868-57a2d4851a1d" relativeResultsDirectory="2e996595-53c3-4a20-a742-e6d11d3f7a9b" />
    <UnitTestResult executionId="7f9224da-bfe8-435e-8f13-57a6bf1b53dd" testId="e69255fa-a91f-c395-631e-00410ef2bd4b" testName="Calendar_TabRendersGrid" computerName="STEVEOFFICEPC" duration="00:00:00.4431500" startTime="2026-02-26T08:49:06.8200993-05:00" endTime="2026-02-26T08:49:07.2632468-05:00" testType="13cdc9d9-ddb5-4fa4-a97d-d965ccfc6d4b" outcome="Passed" testListId="8c84fa94-04c1-424b-9868-57a2d4851a1d" relativeResultsDirectory="7f9224da-bfe8-435e-8f13-57a6bf1b53dd" />
  </Results>
  <TestDefinitions>
    <UnitTest name="Calendar_TabRendersGrid" storage="c:\dev\cruise tracker\cruisedashboard\cruisedashboard.tests\bin\debug\net8.0\cruisedashboard.tests.dll" id="e69255fa-a91f-c395-631e-00410ef2bd4b">
      <Execution id="7f9224da-bfe8-435e-8f13-57a6bf1b53dd" />
      <TestMethod codeBase="C:\Dev\Cruise Tracker\CruiseDashboard\CruiseDashboard.Tests\bin\Debug\net8.0\CruiseDashboard.Tests.dll" adapterTypeName="executor://nunit3testexecutor/" className="CruiseDashboard.Tests.DashboardTests" name="Calendar_TabRendersGrid" />
    </UnitTest>
    <UnitTest name="Api_CruisesReturnsData" storage="c:\dev\cruise tracker\cruisedashboard\cruisedashboard.tests\bin\debug\net8.0\cruisedashboard.tests.dll" id="a834d4a0-994b-03b1-2ed9-12e85b7c6ff7">
      <Execution id="f25fc31c-8bdc-477a-be5b-4234b0731012" />
      <TestMethod codeBase="C:\Dev\Cruise Tracker\CruiseDashboard\CruiseDashboard.Tests\bin\Debug\net8.0\CruiseDashboard.Tests.dll" adapterTypeName="executor://nunit3testexecutor/" className="CruiseDashboard.Tests.DashboardTests" name="Api_CruisesReturnsData" />
    </UnitTest>
    <UnitTest name="Dashboard_FilterReducesCardCount" storage="c:\dev\cruise tracker\cruisedashboard\cruisedashboard.tests\bin\debug\net8.0\cruisedashboard.tests.dll" id="958a390e-9e4d-87c8-5f6c-a8236f70813c">
      <Execution id="e63d3826-92ff-41d0-b4af-03be1fe91f8a" />
      <TestMethod codeBase="C:\Dev\Cruise Tracker\CruiseDashboard\CruiseDashboard.Tests\bin\Debug\net8.0\CruiseDashboard.Tests.dll" adapterTypeName="executor://nunit3testexecutor/" className="CruiseDashboard.Tests.DashboardTests" name="Dashboard_FilterReducesCardCount" />
    </UnitTest>
    <UnitTest name="Dashboard_StatCardsShowRealData" storage="c:\dev\cruise tracker\cruisedashboard\cruisedashboard.tests\bin\debug\net8.0\cruisedashboard.tests.dll" id="4c271738-2109-e8f2-3a6c-0578a39109ec">
      <Execution id="932408bd-1025-4d47-beaf-3d6dba66a0e3" />
      <TestMethod codeBase="C:\Dev\Cruise Tracker\CruiseDashboard\CruiseDashboard.Tests\bin\Debug\net8.0\CruiseDashboard.Tests.dll" adapterTypeName="executor://nunit3testexecutor/" className="CruiseDashboard.Tests.DashboardTests" name="Dashboard_StatCardsShowRealData" />
    </UnitTest>
    <UnitTest name="Dashboard_LoadsAndShowsSailingCount" storage="c:\dev\cruise tracker\cruisedashboard\cruisedashboard.tests\bin\debug\net8.0\cruisedashboard.tests.dll" id="b30a52b8-8743-656a-4089-f45bb2a6c0a3">
      <Execution id="946b51c9-fa98-4c0f-89f6-b1fed5e72b67" />
      <TestMethod codeBase="C:\Dev\Cruise Tracker\CruiseDashboard\CruiseDashboard.Tests\bin\Debug\net8.0\CruiseDashboard.Tests.dll" adapterTypeName="executor://nunit3testexecutor/" className="CruiseDashboard.Tests.DashboardTests" name="Dashboard_LoadsAndShowsSailingCount" />
    </UnitTest>
    <UnitTest name="Dashboard_ShowsCruiseCards" storage="c:\dev\cruise tracker\cruisedashboard\cruisedashboard.tests\bin\debug\net8.0\cruisedashboard.tests.dll" id="4cf705a0-090f-c051-d313-4451fae77ac2">
      <Execution id="2e996595-53c3-4a20-a742-e6d11d3f7a9b" />
      <TestMethod codeBase="C:\Dev\Cruise Tracker\CruiseDashboard\CruiseDashboard.Tests\bin\Debug\net8.0\CruiseDashboard.Tests.dll" adapterTypeName="executor://nunit3testexecutor/" className="CruiseDashboard.Tests.DashboardTests" name="Dashboard_ShowsCruiseCards" />
    </UnitTest>
    <UnitTest name="Api_AllCruisesHaveKnownShipData" storage="c:\dev\cruise tracker\cruisedashboard\cruisedashboard.tests\bin\debug\net8.0\cruisedashboard.tests.dll" id="6fa8201e-2c58-31b0-1950-e464480f208a">
      <Execution id="33659e44-fd29-493b-a377-0f5fd8661510" />
      <TestMethod codeBase="C:\Dev\Cruise Tracker\CruiseDashboard\CruiseDashboard.Tests\bin\Debug\net8.0\CruiseDashboard.Tests.dll" adapterTypeName="executor://nunit3testexecutor/" className="CruiseDashboard.Tests.DashboardTests" name="Api_AllCruisesHaveKnownShipData" />
    </UnitTest>
  </TestDefinitions>
  <TestEntries>
    <TestEntry testId="6fa8201e-2c58-31b0-1950-e464480f208a" executionId="33659e44-fd29-493b-a377-0f5fd8661510" testListId="8c84fa94-04c1-424b-9868-57a2d4851a1d" />
    <TestEntry testId="958a390e-9e4d-87c8-5f6c-a8236f70813c" executionId="e63d3826-92ff-41d0-b4af-03be1fe91f8a" testListId="8c84fa94-04c1-424b-9868-57a2d4851a1d" />
    <TestEntry testId="a834d4a0-994b-03b1-2ed9-12e85b7c6ff7" executionId="f25fc31c-8bdc-477a-be5b-4234b0731012" testListId="8c84fa94-04c1-424b-9868-57a2d4851a1d" />
    <TestEntry testId="b30a52b8-8743-656a-4089-f45bb2a6c0a3" executionId="946b51c9-fa98-4c0f-89f6-b1fed5e72b67" testListId="8c84fa94-04c1-424b-9868-57a2d4851a1d" />
    <TestEntry testId="4c271738-2109-e8f2-3a6c-0578a39109ec" executionId="932408bd-1025-4d47-beaf-3d6dba66a0e3" testListId="8c84fa94-04c1-424b-9868-57a2d4851a1d" />
    <TestEntry testId="4cf705a0-090f-c051-d313-4451fae77ac2" executionId="2e996595-53c3-4a20-a742-e6d11d3f7a9b" testListId="8c84fa94-04c1-424b-9868-57a2d4851a1d" />
    <TestEntry testId="e69255fa-a91f-c395-631e-00410ef2bd4b" executionId="7f9224da-bfe8-435e-8f13-57a6bf1b53dd" testListId="8c84fa94-04c1-424b-9868-57a2d4851a1d" />
  </TestEntries>
  <TestLists>
    <TestList name="Results Not in a List" id="8c84fa94-04c1-424b-9868-57a2d4851a1d" />
    <TestList name="All Loaded Results" id="19431567-8539-422a-85d7-44ee4e166bda" />
  </TestLists>
  <ResultSummary outcome="Failed">
    <Counters total="7" executed="7" passed="6" failed="1" error="0" timeout="0" aborted="0" inconclusive="0" passedButRunAborted="0" notRunnable="0" notExecuted="0" disconnected="0" warning="0" completed="0" inProgress="0" pending="0" />
    <Output>
      <StdOut>NUnit Adapter 4.6.0.0: Test execution started&#xD;
Running all tests in C:\Dev\Cruise Tracker\CruiseDashboard\CruiseDashboard.Tests\bin\Debug\net8.0\CruiseDashboard.Tests.dll&#xD;
   NUnit3TestExecutor discovered 7 of 7 NUnit test cases using Current Discovery mode, Non-Explicit run&#xD;
NUnit Adapter 4.6.0.0: Test execution complete&#xD;
</StdOut>
    </Output>
  </ResultSummary>
</TestRun>